<?xml version="1.0" encoding="UTF-8"?>
<coverage generated="1771853194766" clover="3.2.0">
  <project timestamp="1771853194766" name="All files">
    <metrics statements="10" coveredstatements="10" conditionals="7" coveredconditionals="6" methods="3" coveredmethods="3" elements="20" coveredelements="19" complexity="0" loc="10" ncloc="10" packages="1" files="1" classes="1"/>
    <file name="walletController.ts" path="/app/src/controllers/walletController.ts">
      <metrics statements="10" coveredstatements="10" conditionals="7" coveredconditionals="6" methods="3" coveredmethods="3"/>
      <line num="2" count="1" type="cond" truecount="3" falsecount="0"/>
      <line num="3" count="1" type="cond" truecount="3" falsecount="1"/>
      <line num="5" count="1" type="stmt"/>
      <line num="6" count="1" type="stmt"/>
      <line num="7" count="1" type="stmt"/>
      <line num="9" count="1" type="stmt"/>
      <line num="14" count="1" type="stmt"/>
      <line num="17" count="1" type="stmt"/>
      <line num="23" count="1" type="stmt"/>
      <line num="26" count="1" type="stmt"/>
    </file>
  </project>
</coverage>
